<?xml version="1.0" encoding="UTF-8"?>
<!-- Generated by org.testng.reporters.JUnitReportReporter -->
<testsuite skipped="0" hostname="Rebecca-PC" name="test.BaseClass" tests="4" failures="0" timestamp="22 四月 2020 06:01:38 GMT" time="403.653" errors="0">
  <testcase name="Step2WeiXiuTest" time="136.659" classname="test.BaseClass"/>
  <testcase name="Step4WeiXiuTest" time="59.804" classname="test.BaseClass"/>
  <testcase name="Step1BaoXiuTest" time="115.939" classname="test.BaseClass"/>
  <testcase name="Step3BaoXiuTest" time="91.251" classname="test.BaseClass"/>
</testsuite> <!-- test.BaseClass -->
